<?xml version="1.0" encoding="UTF-8"?>
<testng-results ignored="0" total="1" passed="1" failed="0" skipped="0">
  <reporter-output>
    <line>
      <![CDATA[captureScreen method called]]>
    </line>
    <line>
      <![CDATA[<a href='C:\Users\arorag\eclipse-workspace\AN4_FILI_UPDATED\src\test\java\screenshot\TC04[1]selectByVisibleText_12_06_2024_04_27_19.png'><img src='C:\Users\arorag\eclipse-workspace\AN4_FILI_UPDATED\src\test\java\screenshot\TC04[1]selectByVisibleText_12_06_2024_04_27_19.png'height='100' width='100'/></a>]]>
    </line>
    <line>
      <![CDATA[captureScreen method called]]>
    </line>
    <line>
      <![CDATA[<a href='C:\Users\arorag\eclipse-workspace\AN4_FILI_UPDATED\src\test\java\screenshot\TC04[1]selectByVisibleText_12_06_2024_04_27_29.png'><img src='C:\Users\arorag\eclipse-workspace\AN4_FILI_UPDATED\src\test\java\screenshot\TC04[1]selectByVisibleText_12_06_2024_04_27_29.png'height='100' width='100'/></a>]]>
    </line>
    <line>
      <![CDATA[captureScreen method called]]>
    </line>
    <line>
      <![CDATA[<a href='C:\Users\arorag\eclipse-workspace\AN4_FILI_UPDATED\src\test\java\screenshot\TC04[1]clickRadioButton_12_06_2024_04_30_07.png'><img src='C:\Users\arorag\eclipse-workspace\AN4_FILI_UPDATED\src\test\java\screenshot\TC04[1]clickRadioButton_12_06_2024_04_30_07.png'height='100' width='100'/></a>]]>
    </line>
    <line>
      <![CDATA[captureScreen method called]]>
    </line>
    <line>
      <![CDATA[<a href='C:\Users\arorag\eclipse-workspace\AN4_FILI_UPDATED\src\test\java\screenshot\TC04[1]inputText_12_06_2024_04_30_17.png'><img src='C:\Users\arorag\eclipse-workspace\AN4_FILI_UPDATED\src\test\java\screenshot\TC04[1]inputText_12_06_2024_04_30_17.png'height='100' width='100'/></a>]]>
    </line>
    <line>
      <![CDATA[captureScreen method called]]>
    </line>
    <line>
      <![CDATA[<a href='C:\Users\arorag\eclipse-workspace\AN4_FILI_UPDATED\src\test\java\screenshot\TC04[1]inputText_12_06_2024_04_30_46.png'><img src='C:\Users\arorag\eclipse-workspace\AN4_FILI_UPDATED\src\test\java\screenshot\TC04[1]inputText_12_06_2024_04_30_46.png'height='100' width='100'/></a>]]>
    </line>
    <line>
      <![CDATA[captureScreen method called]]>
    </line>
    <line>
      <![CDATA[<a href='C:\Users\arorag\eclipse-workspace\AN4_FILI_UPDATED\src\test\java\screenshot\TC04[1]clickRadioButton_12_06_2024_04_34_08.png'><img src='C:\Users\arorag\eclipse-workspace\AN4_FILI_UPDATED\src\test\java\screenshot\TC04[1]clickRadioButton_12_06_2024_04_34_08.png'height='100' width='100'/></a>]]>
    </line>
    <line>
      <![CDATA[captureScreen method called]]>
    </line>
    <line>
      <![CDATA[<a href='C:\Users\arorag\eclipse-workspace\AN4_FILI_UPDATED\src\test\java\screenshot\TC04[1]clickRadioButton_12_06_2024_04_34_27.png'><img src='C:\Users\arorag\eclipse-workspace\AN4_FILI_UPDATED\src\test\java\screenshot\TC04[1]clickRadioButton_12_06_2024_04_34_27.png'height='100' width='100'/></a>]]>
    </line>
    <line>
      <![CDATA[captureScreen method called]]>
    </line>
    <line>
      <![CDATA[<a href='C:\Users\arorag\eclipse-workspace\AN4_FILI_UPDATED\src\test\java\screenshot\TC04[1]clickRadioButton_12_06_2024_04_34_28.png'><img src='C:\Users\arorag\eclipse-workspace\AN4_FILI_UPDATED\src\test\java\screenshot\TC04[1]clickRadioButton_12_06_2024_04_34_28.png'height='100' width='100'/></a>]]>
    </line>
    <line>
      <![CDATA[captureScreen method called]]>
    </line>
    <line>
      <![CDATA[captureScreen method called]]>
    </line>
    <line>
      <![CDATA[captureScreen method called]]>
    </line>
    <line>
      <![CDATA[captureScreen method called]]>
    </line>
    <line>
      <![CDATA[captureScreen method called]]>
    </line>
  </reporter-output>
  <suite started-at="2024-06-12T16:25:27 IST" name="Suite" finished-at="2024-06-12T16:34:29 IST" duration-ms="542052">
    <groups>
    </groups>
    <test started-at="2024-06-12T16:25:27 IST" name="Test" finished-at="2024-06-12T16:34:29 IST" duration-ms="542052">
      <class name="testController.TestController">
        <test-method is-config="true" signature="setLog4j()[pri:0, instance:testController.TestController@72035809]" started-at="2024-06-12T16:25:27 IST" name="setLog4j" finished-at="2024-06-12T16:25:27 IST" duration-ms="83" status="PASS">
          <reporter-output>
          </reporter-output>
        </test-method> <!-- setLog4j -->
        <test-method is-config="true" signature="initBrowser()[pri:0, instance:testController.TestController@72035809]" started-at="2024-06-12T16:25:27 IST" name="initBrowser" finished-at="2024-06-12T16:25:28 IST" duration-ms="910" status="PASS">
          <reporter-output>
          </reporter-output>
        </test-method> <!-- initBrowser -->
        <test-method signature="TestCaseController()[pri:0, instance:testController.TestController@72035809]" started-at="2024-06-12T16:25:28 IST" name="TestCaseController" finished-at="2024-06-12T16:34:29 IST" duration-ms="541111" status="PASS">
          <reporter-output>
            <line>
              <![CDATA[captureScreen method called]]>
            </line>
            <line>
              <![CDATA[<a href='C:\Users\arorag\eclipse-workspace\AN4_FILI_UPDATED\src\test\java\screenshot\TC04[1]selectByVisibleText_12_06_2024_04_27_19.png'><img src='C:\Users\arorag\eclipse-workspace\AN4_FILI_UPDATED\src\test\java\screenshot\TC04[1]selectByVisibleText_12_06_2024_04_27_19.png'height='100' width='100'/></a>]]>
            </line>
            <line>
              <![CDATA[captureScreen method called]]>
            </line>
            <line>
              <![CDATA[<a href='C:\Users\arorag\eclipse-workspace\AN4_FILI_UPDATED\src\test\java\screenshot\TC04[1]selectByVisibleText_12_06_2024_04_27_29.png'><img src='C:\Users\arorag\eclipse-workspace\AN4_FILI_UPDATED\src\test\java\screenshot\TC04[1]selectByVisibleText_12_06_2024_04_27_29.png'height='100' width='100'/></a>]]>
            </line>
            <line>
              <![CDATA[captureScreen method called]]>
            </line>
            <line>
              <![CDATA[<a href='C:\Users\arorag\eclipse-workspace\AN4_FILI_UPDATED\src\test\java\screenshot\TC04[1]clickRadioButton_12_06_2024_04_30_07.png'><img src='C:\Users\arorag\eclipse-workspace\AN4_FILI_UPDATED\src\test\java\screenshot\TC04[1]clickRadioButton_12_06_2024_04_30_07.png'height='100' width='100'/></a>]]>
            </line>
            <line>
              <![CDATA[captureScreen method called]]>
            </line>
            <line>
              <![CDATA[<a href='C:\Users\arorag\eclipse-workspace\AN4_FILI_UPDATED\src\test\java\screenshot\TC04[1]inputText_12_06_2024_04_30_17.png'><img src='C:\Users\arorag\eclipse-workspace\AN4_FILI_UPDATED\src\test\java\screenshot\TC04[1]inputText_12_06_2024_04_30_17.png'height='100' width='100'/></a>]]>
            </line>
            <line>
              <![CDATA[captureScreen method called]]>
            </line>
            <line>
              <![CDATA[<a href='C:\Users\arorag\eclipse-workspace\AN4_FILI_UPDATED\src\test\java\screenshot\TC04[1]inputText_12_06_2024_04_30_46.png'><img src='C:\Users\arorag\eclipse-workspace\AN4_FILI_UPDATED\src\test\java\screenshot\TC04[1]inputText_12_06_2024_04_30_46.png'height='100' width='100'/></a>]]>
            </line>
            <line>
              <![CDATA[captureScreen method called]]>
            </line>
            <line>
              <![CDATA[<a href='C:\Users\arorag\eclipse-workspace\AN4_FILI_UPDATED\src\test\java\screenshot\TC04[1]clickRadioButton_12_06_2024_04_34_08.png'><img src='C:\Users\arorag\eclipse-workspace\AN4_FILI_UPDATED\src\test\java\screenshot\TC04[1]clickRadioButton_12_06_2024_04_34_08.png'height='100' width='100'/></a>]]>
            </line>
            <line>
              <![CDATA[captureScreen method called]]>
            </line>
            <line>
              <![CDATA[<a href='C:\Users\arorag\eclipse-workspace\AN4_FILI_UPDATED\src\test\java\screenshot\TC04[1]clickRadioButton_12_06_2024_04_34_27.png'><img src='C:\Users\arorag\eclipse-workspace\AN4_FILI_UPDATED\src\test\java\screenshot\TC04[1]clickRadioButton_12_06_2024_04_34_27.png'height='100' width='100'/></a>]]>
            </line>
            <line>
              <![CDATA[captureScreen method called]]>
            </line>
            <line>
              <![CDATA[<a href='C:\Users\arorag\eclipse-workspace\AN4_FILI_UPDATED\src\test\java\screenshot\TC04[1]clickRadioButton_12_06_2024_04_34_28.png'><img src='C:\Users\arorag\eclipse-workspace\AN4_FILI_UPDATED\src\test\java\screenshot\TC04[1]clickRadioButton_12_06_2024_04_34_28.png'height='100' width='100'/></a>]]>
            </line>
            <line>
              <![CDATA[captureScreen method called]]>
            </line>
            <line>
              <![CDATA[captureScreen method called]]>
            </line>
            <line>
              <![CDATA[captureScreen method called]]>
            </line>
            <line>
              <![CDATA[captureScreen method called]]>
            </line>
            <line>
              <![CDATA[captureScreen method called]]>
            </line>
          </reporter-output>
        </test-method> <!-- TestCaseController -->
        <test-method is-config="true" signature="quitBrowser()[pri:0, instance:testController.TestController@72035809]" started-at="2024-06-12T16:34:29 IST" name="quitBrowser" finished-at="2024-06-12T16:34:29 IST" duration-ms="1" status="PASS">
          <reporter-output>
          </reporter-output>
        </test-method> <!-- quitBrowser -->
      </class> <!-- testController.TestController -->
    </test> <!-- Test -->
  </suite> <!-- Suite -->
</testng-results>
